[2021-09-20 14:49:27] [DEBUG] [PacienteController:43] Iniciando el m√©todo 'crearNuevo (paciente)'
[2021-09-20 14:49:31] [DEBUG] [PacienteController:50] Iniciando el m√©todo 'actualizar(odontologo)'
[2021-09-23 19:57:50] [DEBUG] [OdontologoController:25] Iniciando el m√©todo 'buscarPorId
[2021-09-23 19:57:50] [DEBUG] [OdontologoController:30] No se encontr√≥ el odontologo, ResourceNotFoundException
[2021-09-23 19:57:50] [INFO ] [GlobalExceptionHandler:17] No se encontro el odontologo
[2021-09-23 21:51:55] [DEBUG] [OdontologoController:40] Iniciando el m√©todo 'crearNuevo (odontologo)'
[2021-09-23 21:52:01] [DEBUG] [PacienteController:46] Iniciando el m√©todo 'crearNuevo (paciente)'
[2021-09-23 21:52:37] [DEBUG] [PacienteController:26] Iniciando el m√©todo 'crearNuevo (turno)'
[2021-09-23 22:35:36] [DEBUG] [PacienteController:46] Iniciando el m√©todo 'crearNuevo (paciente)'
[2021-09-23 22:35:42] [DEBUG] [OdontologoController:40] Iniciando el m√©todo 'crearNuevo (odontologo)'
[2021-09-23 22:36:02] [DEBUG] [PacienteController:26] Iniciando el m√©todo 'crearNuevo (turno)'
[2021-09-23 22:36:07] [DEBUG] [PacienteController:26] Iniciando el m√©todo 'crearNuevo (turno)'
[2021-09-23 22:37:05] [DEBUG] [PacienteController:26] Iniciando el m√©todo 'crearNuevo (turno)'
[2021-09-23 22:40:14] [DEBUG] [OdontologoController:40] Iniciando el m√©todo 'crearNuevo (odontologo)'
[2021-09-23 22:40:21] [DEBUG] [PacienteController:46] Iniciando el m√©todo 'crearNuevo (paciente)'
[2021-09-23 22:40:25] [DEBUG] [PacienteController:26] Iniciando el m√©todo 'crearNuevo (turno)'
[2021-09-23 22:40:27] [DEBUG] [PacienteController:26] Iniciando el m√©todo 'crearNuevo (turno)'
[2021-09-23 22:41:36] [DEBUG] [OdontologoController:40] Iniciando el m√©todo 'crearNuevo (odontologo)'
[2021-09-23 22:41:40] [DEBUG] [PacienteController:46] Iniciando el m√©todo 'crearNuevo (paciente)'
[2021-09-23 22:41:46] [DEBUG] [PacienteController:26] Iniciando el m√©todo 'crearNuevo (turno)'
[2021-09-23 22:41:47] [DEBUG] [PacienteController:26] Iniciando el m√©todo 'crearNuevo (turno)'
[2021-09-23 22:45:49] [DEBUG] [OdontologoController:40] Iniciando el m√©todo 'crearNuevo (odontologo)'
[2021-09-23 22:45:53] [DEBUG] [PacienteController:46] Iniciando el m√©todo 'crearNuevo (paciente)'
[2021-09-23 22:45:57] [DEBUG] [PacienteController:26] Iniciando el m√©todo 'crearNuevo (turno)'
[2021-09-23 22:45:59] [DEBUG] [PacienteController:26] Iniciando el m√©todo 'crearNuevo (turno)'
[2021-09-23 22:47:10] [DEBUG] [OdontologoController:40] Iniciando el m√©todo 'crearNuevo (odontologo)'
[2021-09-23 22:47:13] [DEBUG] [PacienteController:46] Iniciando el m√©todo 'crearNuevo (paciente)'
[2021-09-23 22:47:34] [DEBUG] [PacienteController:26] Iniciando el m√©todo 'crearNuevo (turno)'
[2021-09-23 22:47:35] [DEBUG] [PacienteController:26] Iniciando el m√©todo 'crearNuevo (turno)'
[2021-09-23 22:50:16] [DEBUG] [OdontologoController:40] Iniciando el m√©todo 'crearNuevo (odontologo)'
[2021-09-23 22:50:19] [DEBUG] [PacienteController:46] Iniciando el m√©todo 'crearNuevo (paciente)'
[2021-09-23 22:50:24] [DEBUG] [PacienteController:26] Iniciando el m√©todo 'crearNuevo (turno)'
[2021-09-23 22:50:26] [DEBUG] [PacienteController:26] Iniciando el m√©todo 'crearNuevo (turno)'
[2021-09-23 22:50:27] [DEBUG] [PacienteController:26] Iniciando el m√©todo 'crearNuevo (turno)'
[2021-09-23 22:50:28] [DEBUG] [PacienteController:26] Iniciando el m√©todo 'crearNuevo (turno)'
[2021-09-23 22:51:51] [DEBUG] [OdontologoController:40] Iniciando el m√©todo 'crearNuevo (odontologo)'
[2021-09-23 22:51:54] [DEBUG] [PacienteController:46] Iniciando el m√©todo 'crearNuevo (paciente)'
[2021-09-23 22:51:57] [DEBUG] [PacienteController:26] Iniciando el m√©todo 'crearNuevo (turno)'
[2021-09-23 22:51:58] [DEBUG] [PacienteController:26] Iniciando el m√©todo 'crearNuevo (turno)'
[2021-09-23 22:55:07] [DEBUG] [OdontologoController:40] Iniciando el m√©todo 'crearNuevo (odontologo)'
[2021-09-23 22:55:12] [DEBUG] [PacienteController:46] Iniciando el m√©todo 'crearNuevo (paciente)'
[2021-09-23 22:55:17] [DEBUG] [PacienteController:26] Iniciando el m√©todo 'crearNuevo (turno)'
[2021-09-23 22:55:18] [DEBUG] [PacienteController:26] Iniciando el m√©todo 'crearNuevo (turno)'
[2021-09-23 22:55:30] [DEBUG] [PacienteController:26] Iniciando el m√©todo 'crearNuevo (turno)'
[2021-09-23 22:57:52] [DEBUG] [OdontologoController:40] Iniciando el m√©todo 'crearNuevo (odontologo)'
[2021-09-23 22:57:57] [DEBUG] [PacienteController:46] Iniciando el m√©todo 'crearNuevo (paciente)'
[2021-09-23 22:58:06] [DEBUG] [PacienteController:26] Iniciando el m√©todo 'crearNuevo (turno)'
[2021-09-23 22:58:08] [DEBUG] [PacienteController:26] Iniciando el m√©todo 'crearNuevo (turno)'
[2021-09-23 22:59:50] [DEBUG] [OdontologoController:40] Iniciando el m√©todo 'crearNuevo (odontologo)'
[2021-09-23 23:00:03] [DEBUG] [PacienteController:46] Iniciando el m√©todo 'crearNuevo (paciente)'
[2021-09-23 23:00:11] [DEBUG] [PacienteController:26] Iniciando el m√©todo 'crearNuevo (turno)'
[2021-09-23 23:00:12] [DEBUG] [PacienteController:26] Iniciando el m√©todo 'crearNuevo (turno)'
[2021-09-23 23:04:41] [DEBUG] [PacienteController:26] Iniciando el m√©todo 'crearNuevo (turno)'
[2021-09-23 23:08:50] [DEBUG] [OdontologoController:40] Iniciando el m√©todo 'crearNuevo (odontologo)'
[2021-09-23 23:08:52] [DEBUG] [PacienteController:46] Iniciando el m√©todo 'crearNuevo (paciente)'
[2021-09-23 23:08:56] [DEBUG] [PacienteController:26] Iniciando el m√©todo 'crearNuevo (turno)'
[2021-09-23 23:08:57] [DEBUG] [PacienteController:26] Iniciando el m√©todo 'crearNuevo (turno)'
[2021-09-23 23:19:33] [DEBUG] [OdontologoController:40] Iniciando el m√©todo 'crearNuevo (odontologo)'
[2021-09-23 23:19:42] [DEBUG] [PacienteController:46] Iniciando el m√©todo 'crearNuevo (paciente)'
[2021-09-23 23:19:47] [DEBUG] [PacienteController:26] Iniciando el m√©todo 'crearNuevo (turno)'
[2021-09-23 23:19:48] [DEBUG] [PacienteController:26] Iniciando el m√©todo 'crearNuevo (turno)'
[2021-09-23 23:20:48] [DEBUG] [OdontologoController:40] Iniciando el m√©todo 'crearNuevo (odontologo)'
[2021-09-23 23:20:51] [DEBUG] [PacienteController:46] Iniciando el m√©todo 'crearNuevo (paciente)'
[2021-09-23 23:20:54] [DEBUG] [PacienteController:26] Iniciando el m√©todo 'crearNuevo (turno)'
[2021-09-23 23:20:55] [DEBUG] [PacienteController:26] Iniciando el m√©todo 'crearNuevo (turno)'
[2021-09-23 23:21:00] [DEBUG] [PacienteController:26] Iniciando el m√©todo 'crearNuevo (turno)'
[2021-09-24 14:39:52] [DEBUG] [OdontologoController:40] Iniciando el m√©todo 'crearNuevo (odontologo)'
[2021-09-24 14:39:57] [DEBUG] [PacienteController:46] Iniciando el m√©todo 'crearNuevo (paciente)'
[2021-09-24 14:40:04] [DEBUG] [PacienteController:26] Iniciando el m√©todo 'crearNuevo (turno)'
[2021-09-24 14:58:00] [DEBUG] [OdontologoController:40] Iniciando el m√©todo 'crearNuevo (odontologo)'
[2021-09-24 14:58:09] [DEBUG] [PacienteController:46] Iniciando el m√©todo 'crearNuevo (paciente)'
[2021-09-24 14:58:22] [DEBUG] [PacienteController:23] Iniciando el m√©todo 'crearNuevo (turno)'
[2021-09-24 15:00:06] [DEBUG] [PacienteController:30] Iniciando el m√©todo 'actualizar(turno)'
[2021-09-24 15:00:06] [DEBUG] [PacienteController:33] Se pudo actualizar el turno
[2021-09-24 15:11:28] [DEBUG] [PacienteController:30] Iniciando el m√©todo 'actualizar(turno)'
[2021-09-24 15:11:28] [DEBUG] [PacienteController:33] Se pudo actualizar el turno
[2021-09-24 15:20:10] [DEBUG] [PacienteController:30] Iniciando el m√©todo 'actualizar(turno)'
[2021-09-24 15:20:10] [DEBUG] [PacienteController:33] Se pudo actualizar el turno
[2021-09-24 15:20:42] [DEBUG] [PacienteController:30] Iniciando el m√©todo 'actualizar(turno)'
[2021-09-24 15:20:42] [DEBUG] [PacienteController:33] Se pudo actualizar el turno
[2021-09-24 15:20:51] [DEBUG] [OdontologoController:40] Iniciando el m√©todo 'crearNuevo (odontologo)'
[2021-09-24 15:20:54] [DEBUG] [PacienteController:46] Iniciando el m√©todo 'crearNuevo (paciente)'
[2021-09-24 15:20:59] [DEBUG] [PacienteController:23] Iniciando el m√©todo 'crearNuevo (turno)'
[2021-09-24 15:21:04] [DEBUG] [PacienteController:30] Iniciando el m√©todo 'actualizar(turno)'
[2021-09-24 15:21:04] [DEBUG] [PacienteController:33] Se pudo actualizar el turno
[2021-09-24 15:21:25] [DEBUG] [PacienteController:30] Iniciando el m√©todo 'actualizar(turno)'
[2021-09-24 15:21:25] [DEBUG] [PacienteController:33] Se pudo actualizar el turno
[2021-09-24 15:22:26] [DEBUG] [PacienteController:30] Iniciando el m√©todo 'actualizar(turno)'
[2021-09-24 15:22:26] [DEBUG] [PacienteController:33] Se pudo actualizar el turno
[2021-09-24 15:22:59] [DEBUG] [OdontologoController:40] Iniciando el m√©todo 'crearNuevo (odontologo)'
[2021-09-24 15:23:04] [DEBUG] [PacienteController:46] Iniciando el m√©todo 'crearNuevo (paciente)'
[2021-09-24 15:23:09] [DEBUG] [PacienteController:23] Iniciando el m√©todo 'crearNuevo (turno)'
[2021-09-24 15:23:13] [DEBUG] [PacienteController:30] Iniciando el m√©todo 'actualizar(turno)'
[2021-09-24 15:23:13] [DEBUG] [PacienteController:33] Se pudo actualizar el turno
[2021-09-24 15:26:18] [DEBUG] [OdontologoController:40] Iniciando el m√©todo 'crearNuevo (odontologo)'
[2021-09-24 15:26:22] [DEBUG] [PacienteController:46] Iniciando el m√©todo 'crearNuevo (paciente)'
[2021-09-24 15:26:25] [DEBUG] [PacienteController:23] Iniciando el m√©todo 'crearNuevo (turno)'
[2021-09-24 15:26:33] [DEBUG] [PacienteController:30] Iniciando el m√©todo 'actualizar(turno)'
[2021-09-24 15:26:33] [DEBUG] [PacienteController:33] Se pudo actualizar el turno
[2021-09-24 15:29:54] [DEBUG] [OdontologoController:40] Iniciando el m√©todo 'crearNuevo (odontologo)'
[2021-09-24 15:29:57] [DEBUG] [PacienteController:46] Iniciando el m√©todo 'crearNuevo (paciente)'
[2021-09-24 15:30:00] [DEBUG] [PacienteController:23] Iniciando el m√©todo 'crearNuevo (turno)'
[2021-09-24 15:30:05] [DEBUG] [PacienteController:30] Iniciando el m√©todo 'actualizar(turno)'
[2021-09-24 15:30:05] [DEBUG] [PacienteController:33] Se pudo actualizar el turno
[2021-09-24 15:32:06] [DEBUG] [OdontologoController:40] Iniciando el m√©todo 'crearNuevo (odontologo)'
[2021-09-24 15:32:09] [DEBUG] [PacienteController:46] Iniciando el m√©todo 'crearNuevo (paciente)'
[2021-09-24 15:32:11] [DEBUG] [PacienteController:23] Iniciando el m√©todo 'crearNuevo (turno)'
[2021-09-24 15:32:16] [DEBUG] [PacienteController:30] Iniciando el m√©todo 'actualizar(turno)'
[2021-09-24 15:32:16] [DEBUG] [PacienteController:33] Se pudo actualizar el turno
[2021-09-24 15:33:46] [DEBUG] [OdontologoController:40] Iniciando el m√©todo 'crearNuevo (odontologo)'
[2021-09-24 15:33:50] [DEBUG] [PacienteController:46] Iniciando el m√©todo 'crearNuevo (paciente)'
[2021-09-24 15:34:04] [DEBUG] [PacienteController:23] Iniciando el m√©todo 'crearNuevo (turno)'
[2021-09-24 15:34:14] [DEBUG] [PacienteController:30] Iniciando el m√©todo 'actualizar(turno)'
[2021-09-24 15:34:14] [DEBUG] [PacienteController:33] Se pudo actualizar el turno
[2021-09-24 15:35:15] [DEBUG] [OdontologoController:40] Iniciando el m√©todo 'crearNuevo (odontologo)'
[2021-09-24 15:35:17] [DEBUG] [PacienteController:46] Iniciando el m√©todo 'crearNuevo (paciente)'
[2021-09-24 15:35:27] [DEBUG] [PacienteController:23] Iniciando el m√©todo 'crearNuevo (turno)'
[2021-09-24 15:35:32] [DEBUG] [PacienteController:30] Iniciando el m√©todo 'actualizar(turno)'
[2021-09-24 15:35:32] [DEBUG] [PacienteController:33] Se pudo actualizar el turno
[2021-09-24 15:36:52] [DEBUG] [OdontologoController:40] Iniciando el m√©todo 'crearNuevo (odontologo)'
[2021-09-24 15:36:55] [DEBUG] [PacienteController:46] Iniciando el m√©todo 'crearNuevo (paciente)'
[2021-09-24 15:36:59] [DEBUG] [PacienteController:23] Iniciando el m√©todo 'crearNuevo (turno)'
[2021-09-24 15:37:04] [DEBUG] [PacienteController:30] Iniciando el m√©todo 'actualizar(turno)'
[2021-09-24 15:37:04] [DEBUG] [PacienteController:33] Se pudo actualizar el turno
[2021-09-24 15:41:23] [DEBUG] [OdontologoController:40] Iniciando el m√©todo 'crearNuevo (odontologo)'
[2021-09-24 15:41:25] [DEBUG] [PacienteController:46] Iniciando el m√©todo 'crearNuevo (paciente)'
[2021-09-24 15:41:30] [DEBUG] [PacienteController:23] Iniciando el m√©todo 'crearNuevo (turno)'
[2021-09-24 15:41:32] [DEBUG] [PacienteController:30] Iniciando el m√©todo 'actualizar(turno)'
[2021-09-24 15:41:32] [DEBUG] [PacienteController:33] Se pudo actualizar el turno
[2021-09-24 15:45:46] [DEBUG] [OdontologoController:40] Iniciando el m√©todo 'crearNuevo (odontologo)'
[2021-09-24 15:45:50] [DEBUG] [PacienteController:46] Iniciando el m√©todo 'crearNuevo (paciente)'
[2021-09-24 15:45:54] [DEBUG] [PacienteController:23] Iniciando el m√©todo 'crearNuevo (turno)'
[2021-09-24 15:45:57] [DEBUG] [PacienteController:30] Iniciando el m√©todo 'actualizar(turno)'
[2021-09-24 15:45:57] [DEBUG] [PacienteController:33] Se pudo actualizar el turno
[2021-09-24 15:48:08] [DEBUG] [OdontologoController:40] Iniciando el m√©todo 'crearNuevo (odontologo)'
[2021-09-24 15:48:13] [DEBUG] [PacienteController:46] Iniciando el m√©todo 'crearNuevo (paciente)'
[2021-09-24 15:48:17] [DEBUG] [PacienteController:23] Iniciando el m√©todo 'crearNuevo (turno)'
[2021-09-24 15:48:21] [DEBUG] [PacienteController:30] Iniciando el m√©todo 'actualizar(turno)'
[2021-09-24 15:48:21] [DEBUG] [PacienteController:33] Se pudo actualizar el turno
[2021-09-24 15:48:44] [DEBUG] [PacienteController:30] Iniciando el m√©todo 'actualizar(turno)'
[2021-09-24 15:48:44] [DEBUG] [PacienteController:33] Se pudo actualizar el turno
[2021-09-24 15:48:55] [DEBUG] [PacienteController:30] Iniciando el m√©todo 'actualizar(turno)'
[2021-09-24 15:48:55] [DEBUG] [PacienteController:33] Se pudo actualizar el turno
[2021-09-24 15:49:04] [DEBUG] [PacienteController:30] Iniciando el m√©todo 'actualizar(turno)'
[2021-09-24 15:49:04] [DEBUG] [PacienteController:33] Se pudo actualizar el turno
[2021-09-24 15:49:22] [DEBUG] [PacienteController:30] Iniciando el m√©todo 'actualizar(turno)'
[2021-09-24 15:49:22] [DEBUG] [PacienteController:33] Se pudo actualizar el turno
[2021-09-24 15:49:39] [DEBUG] [PacienteController:30] Iniciando el m√©todo 'actualizar(turno)'
[2021-09-24 15:49:39] [DEBUG] [PacienteController:33] Se pudo actualizar el turno
[2021-09-24 15:51:07] [DEBUG] [PacienteController:30] Iniciando el m√©todo 'actualizar(turno)'
[2021-09-24 15:51:07] [DEBUG] [PacienteController:33] Se pudo actualizar el turno
[2021-09-24 15:52:18] [DEBUG] [PacienteController:30] Iniciando el m√©todo 'actualizar(turno)'
[2021-09-24 15:52:18] [DEBUG] [PacienteController:33] Se pudo actualizar el turno
[2021-09-24 15:52:41] [DEBUG] [PacienteController:30] Iniciando el m√©todo 'actualizar(turno)'
[2021-09-24 15:52:41] [DEBUG] [PacienteController:33] Se pudo actualizar el turno
[2021-09-24 15:53:06] [DEBUG] [PacienteController:30] Iniciando el m√©todo 'actualizar(turno)'
[2021-09-24 15:53:06] [DEBUG] [PacienteController:33] Se pudo actualizar el turno
[2021-09-24 15:53:20] [DEBUG] [PacienteController:30] Iniciando el m√©todo 'actualizar(turno)'
[2021-09-24 15:53:20] [DEBUG] [PacienteController:33] Se pudo actualizar el turno
[2021-09-24 15:53:39] [DEBUG] [PacienteController:30] Iniciando el m√©todo 'actualizar(turno)'
[2021-09-24 15:53:39] [DEBUG] [PacienteController:33] Se pudo actualizar el turno
[2021-09-24 15:56:36] [DEBUG] [PacienteController:30] Iniciando el m√©todo 'actualizar(turno)'
[2021-09-24 15:56:36] [DEBUG] [PacienteController:33] Se pudo actualizar el turno
[2021-09-24 15:56:45] [DEBUG] [PacienteController:30] Iniciando el m√©todo 'actualizar(turno)'
[2021-09-24 15:56:45] [DEBUG] [PacienteController:33] Se pudo actualizar el turno
[2021-09-24 15:56:55] [DEBUG] [PacienteController:30] Iniciando el m√©todo 'actualizar(turno)'
[2021-09-24 15:56:55] [DEBUG] [PacienteController:33] Se pudo actualizar el turno
[2021-09-24 16:01:38] [DEBUG] [OdontologoController:40] Iniciando el m√©todo 'crearNuevo (odontologo)'
[2021-09-24 16:01:42] [DEBUG] [PacienteController:46] Iniciando el m√©todo 'crearNuevo (paciente)'
[2021-09-24 16:01:50] [DEBUG] [PacienteController:23] Iniciando el m√©todo 'crearNuevo (turno)'
[2021-09-24 16:02:02] [DEBUG] [PacienteController:30] Iniciando el m√©todo 'actualizar(turno)'
[2021-09-24 16:02:02] [DEBUG] [PacienteController:36] No se pudo actualizar el turno
[2021-09-24 16:02:36] [DEBUG] [PacienteController:30] Iniciando el m√©todo 'actualizar(turno)'
[2021-09-24 16:02:36] [DEBUG] [PacienteController:33] Se pudo actualizar el turno
[2021-09-24 16:02:57] [DEBUG] [PacienteController:30] Iniciando el m√©todo 'actualizar(turno)'
[2021-09-24 16:02:57] [DEBUG] [PacienteController:33] Se pudo actualizar el turno
[2021-09-24 16:04:30] [DEBUG] [PacienteController:23] Iniciando el m√©todo 'crearNuevo (turno)'
[2021-09-24 16:04:53] [DEBUG] [PacienteController:23] Iniciando el m√©todo 'crearNuevo (turno)'
[2021-09-24 16:05:00] [DEBUG] [PacienteController:23] Iniciando el m√©todo 'crearNuevo (turno)'
[2021-09-24 16:05:13] [DEBUG] [PacienteController:23] Iniciando el m√©todo 'crearNuevo (turno)'
[2021-09-24 16:06:29] [DEBUG] [PacienteController:30] Iniciando el m√©todo 'actualizar(turno)'
[2021-09-24 16:06:29] [DEBUG] [PacienteController:33] Se pudo actualizar el turno
[2021-09-24 16:06:48] [DEBUG] [PacienteController:30] Iniciando el m√©todo 'actualizar(turno)'
[2021-09-24 16:06:48] [DEBUG] [PacienteController:33] Se pudo actualizar el turno
[2021-09-24 16:06:55] [DEBUG] [PacienteController:30] Iniciando el m√©todo 'actualizar(turno)'
[2021-09-24 16:06:55] [DEBUG] [PacienteController:33] Se pudo actualizar el turno
[2021-09-24 16:11:39] [DEBUG] [OdontologoController:40] Iniciando el m√©todo 'crearNuevo (odontologo)'
[2021-09-24 16:11:44] [DEBUG] [PacienteController:46] Iniciando el m√©todo 'crearNuevo (paciente)'
[2021-09-24 16:11:50] [DEBUG] [PacienteController:23] Iniciando el m√©todo 'crearNuevo (turno)'
[2021-09-24 16:12:14] [DEBUG] [PacienteController:45] Iniciando el m√©todo 'eliminarPorId'
[2021-09-24 16:12:14] [DEBUG] [PacienteController:51] Se elimin√≥ el turno con id 1
[2021-09-24 16:12:21] [DEBUG] [PacienteController:45] Iniciando el m√©todo 'eliminarPorId'
[2021-09-24 16:12:21] [DEBUG] [PacienteController:54] No se encontro el turno con id 1
[2021-09-24 16:46:26] [DEBUG] [OdontologoController:40] Iniciando el m√©todo 'crearNuevo (odontologo)'
[2021-09-24 16:46:44] [DEBUG] [PacienteController:46] Iniciando el m√©todo 'crearNuevo (paciente)'
[2021-09-24 16:46:50] [DEBUG] [PacienteController:23] Iniciando el m√©todo 'crearNuevo (turno)'
[2021-09-24 16:46:55] [DEBUG] [PacienteController:23] Iniciando el m√©todo 'crearNuevo (turno)'
[2021-09-24 16:46:59] [DEBUG] [PacienteController:23] Iniciando el m√©todo 'crearNuevo (turno)'
[2021-09-24 16:50:27] [DEBUG] [OdontologoController:40] Iniciando el m√©todo 'crearNuevo (odontologo)'
[2021-09-24 16:50:30] [DEBUG] [PacienteController:48] Iniciando el m√©todo 'crearNuevo (paciente)'
[2021-09-24 16:50:33] [DEBUG] [PacienteController:52] Iniciando el m√©todo 'crearNuevo (turno)'
[2021-09-24 16:50:35] [DEBUG] [PacienteController:52] Iniciando el m√©todo 'crearNuevo (turno)'
[2021-09-24 16:50:38] [DEBUG] [PacienteController:52] Iniciando el m√©todo 'crearNuevo (turno)'
[2021-09-24 16:50:40] [DEBUG] [PacienteController:46] Iniciando el m√©todo 'consultarProximosTurnos'
[2021-09-24 16:53:30] [DEBUG] [OdontologoController:40] Iniciando el m√©todo 'crearNuevo (odontologo)'
[2021-09-24 16:53:33] [DEBUG] [PacienteController:48] Iniciando el m√©todo 'crearNuevo (paciente)'
[2021-09-24 16:53:35] [DEBUG] [PacienteController:52] Iniciando el m√©todo 'crearNuevo (turno)'
[2021-09-24 16:53:38] [DEBUG] [PacienteController:52] Iniciando el m√©todo 'crearNuevo (turno)'
[2021-09-24 16:53:41] [DEBUG] [PacienteController:52] Iniciando el m√©todo 'crearNuevo (turno)'
[2021-09-24 16:53:45] [DEBUG] [PacienteController:46] Iniciando el m√©todo 'consultarProximosTurnos'
[2021-09-24 16:54:39] [DEBUG] [PacienteController:52] Iniciando el m√©todo 'crearNuevo (turno)'
[2021-09-24 16:54:42] [DEBUG] [PacienteController:46] Iniciando el m√©todo 'consultarProximosTurnos'
[2021-09-27 19:55:38] [DEBUG] [PacienteController:24] Iniciando el m√©todo 'consultarTodos'
[2021-09-27 19:56:07] [DEBUG] [OdontologoController:40] Iniciando el m√©todo 'crearNuevo (odontologo)'
[2021-09-27 19:56:17] [DEBUG] [OdontologoController:73] Iniciando el m√©todo 'consultarTodos'
[2021-09-27 20:01:28] [DEBUG] [OdontologoController:25] Iniciando el m√©todo 'crearNuevo (App user)'
[2021-09-27 20:02:07] [DEBUG] [OdontologoController:34] Iniciando el m√©todo 'consultarTodos'
[2021-09-27 20:12:37] [DEBUG] [OdontologoController:34] Iniciando el m√©todo 'consultarTodos'
[2021-09-27 20:13:14] [DEBUG] [PacienteController:24] Iniciando el m√©todo 'consultarTodos'
[2021-09-27 20:13:38] [DEBUG] [OdontologoController:34] Iniciando el m√©todo 'consultarTodos'
[2021-09-27 21:09:46] [DEBUG] [OdontologoController:34] Iniciando el m√©todo 'consultarTodos'
[2021-09-27 21:10:20] [DEBUG] [PacienteController:25] Iniciando el m√©todo 'consultarTodos'
[2021-09-27 21:10:50] [DEBUG] [PacienteController:25] Iniciando el m√©todo 'consultarTodos'
[2021-09-27 21:13:17] [DEBUG] [PacienteController:26] Iniciando el m√©todo 'consultarTodos'
[2021-09-27 21:13:27] [DEBUG] [PacienteController:54] Iniciando el m√©todo 'crearNuevo (turno)'
[2021-09-27 21:13:53] [DEBUG] [PacienteController:26] Iniciando el m√©todo 'consultarTodos'
[2021-09-27 21:14:58] [DEBUG] [PacienteController:26] Iniciando el m√©todo 'consultarTodos'
[2021-09-27 21:17:21] [DEBUG] [PacienteController:27] Iniciando el m√©todo 'consultarTodos'
[2021-09-27 21:54:40] [DEBUG] [PacienteController:48] Iniciando el m√©todo 'consultarProximosTurnos'
[2021-09-27 21:54:51] [DEBUG] [OdontologoController:41] Iniciando el m√©todo 'crearNuevo (odontologo)'
[2021-09-27 21:55:21] [DEBUG] [OdontologoController:64] Iniciando el m√©todo 'eliminarPorId'
[2021-09-27 21:55:21] [INFO ] [GlobalExceptionHandler:17] No se encontro el odontologo con el id 3
[2021-09-27 21:56:15] [DEBUG] [OdontologoController:64] Iniciando el m√©todo 'eliminarPorId'
[2021-09-27 22:14:53] [DEBUG] [OdontologoController:41] Iniciando el m√©todo 'crearNuevo (odontologo)'
[2021-09-27 22:16:27] [DEBUG] [OdontologoController:48] Iniciando el m√©todo 'actualizar(odontologo)'
[2021-09-27 22:16:27] [INFO ] [GlobalExceptionHandler:17] No se encontro el odontologo con el id 7
[2021-09-27 22:16:36] [DEBUG] [OdontologoController:48] Iniciando el m√©todo 'actualizar(odontologo)'
[2021-09-27 22:16:42] [DEBUG] [OdontologoController:48] Iniciando el m√©todo 'actualizar(odontologo)'
[2021-09-27 22:18:18] [DEBUG] [OdontologoController:41] Iniciando el m√©todo 'crearNuevo (odontologo)'
[2021-09-27 22:18:23] [DEBUG] [OdontologoController:48] Iniciando el m√©todo 'actualizar(odontologo)'
[2021-09-27 22:18:23] [ERROR] [GlobalExceptionHandler:23] Es necesario el id del odontologo
[2021-09-27 22:18:39] [DEBUG] [OdontologoController:48] Iniciando el m√©todo 'actualizar(odontologo)'
[2021-09-27 22:18:39] [INFO ] [GlobalExceptionHandler:17] No se encontro el odontologo con el id 7
[2021-09-27 22:18:47] [DEBUG] [OdontologoController:48] Iniciando el m√©todo 'actualizar(odontologo)'
[2021-09-27 22:44:40] [DEBUG] [OdontologoController:41] Iniciando el m√©todo 'crearNuevo (odontologo)'
[2021-09-27 22:45:40] [DEBUG] [OdontologoController:48] Iniciando el m√©todo 'actualizar(odontologo)'
[2021-09-27 22:45:40] [ERROR] [GlobalExceptionHandler:23] Es necesario el id del odontologo
[2021-09-27 22:46:20] [DEBUG] [OdontologoController:48] Iniciando el m√©todo 'actualizar(odontologo)'
[2021-09-27 22:46:20] [INFO ] [GlobalExceptionHandler:17] No se encontro el odontologo con el id 3
[2021-09-27 22:46:33] [DEBUG] [OdontologoController:48] Iniciando el m√©todo 'actualizar(odontologo)'
[2021-09-27 22:46:42] [DEBUG] [OdontologoController:48] Iniciando el m√©todo 'actualizar(odontologo)'
[2021-09-27 22:46:53] [DEBUG] [OdontologoController:41] Iniciando el m√©todo 'crearNuevo (odontologo)'
[2021-09-27 22:47:13] [DEBUG] [OdontologoController:76] Iniciando el m√©todo 'consultarTodos'
[2021-09-28 19:45:00] [DEBUG] [PacienteController:28] Iniciando el m√©todo 'consultarTodos'
[2021-09-28 19:46:08] [DEBUG] [PacienteController:28] Iniciando el m√©todo 'consultarTodos'
[2021-09-28 19:56:56] [DEBUG] [OdontologoController:42] Iniciando el m√©todo 'crearNuevo (odontologo)'
[2021-09-28 19:57:26] [DEBUG] [PacienteController:51] Iniciando el m√©todo 'crearNuevo (paciente)'
[2021-09-28 20:00:39] [DEBUG] [PacienteController:51] Iniciando el m√©todo 'crearNuevo (paciente)'
[2021-09-28 20:01:25] [DEBUG] [OdontologoController:42] Iniciando el m√©todo 'crearNuevo (odontologo)'
[2021-09-28 20:01:28] [DEBUG] [PacienteController:57] Iniciando el m√©todo 'crearNuevo (turno)'
[2021-09-28 20:09:12] [DEBUG] [PacienteController:57] Iniciando el m√©todo 'crearNuevo (turno)'
[2021-09-30 18:51:19] [DEBUG] [OdontologoController:42] Iniciando el mÈtodo 'crearNuevo (odontologo)'
[2021-09-30 18:51:52] [DEBUG] [OdontologoController:42] Iniciando el mÈtodo 'crearNuevo (odontologo)'
[2021-09-30 18:55:01] [DEBUG] [OdontologoController:42] Iniciando el mÈtodo 'crearNuevo (odontologo)'
[2021-09-30 18:55:33] [DEBUG] [OdontologoController:42] Iniciando el m√©todo 'crearNuevo (odontologo)'
[2021-09-30 18:56:06] [DEBUG] [OdontologoController:42] Iniciando el mÈtodo 'crearNuevo (odontologo)'
[2021-09-30 19:33:37] [DEBUG] [OdontologoController:42] Iniciando el mÈtodo 'crearNuevo (odontologo)'
[2021-09-30 19:33:37] [DEBUG] [OdontologoController:27] Iniciando el mÈtodo 'buscarPorId
[2021-09-30 19:47:39] [DEBUG] [OdontologoController:42] Iniciando el mÈtodo 'crearNuevo (odontologo)'
[2021-09-30 19:47:39] [DEBUG] [OdontologoController:27] Iniciando el mÈtodo 'buscarPorId
[2021-10-01 14:27:04] [DEBUG] [OdontologoController:42] Iniciando el mÈtodo 'crearNuevo (odontologo)'
[2021-10-01 14:27:04] [DEBUG] [OdontologoController:27] Iniciando el mÈtodo 'buscarPorId
[2021-10-01 14:27:32] [DEBUG] [OdontologoController:42] Iniciando el m√©todo 'crearNuevo (odontologo)'
[2021-10-01 14:27:51] [DEBUG] [OdontologoController:27] Iniciando el m√©todo 'buscarPorId
[2021-10-01 14:27:51] [DEBUG] [OdontologoController:32] No se encontr√≥ el odontologo
[2021-10-01 14:27:51] [INFO ] [GlobalExceptionHandler:17] No se encontro el odontologo
[2021-10-01 14:29:08] [DEBUG] [OdontologoController:42] Iniciando el mÈtodo 'crearNuevo (odontologo)'
[2021-10-01 14:29:08] [DEBUG] [OdontologoController:27] Iniciando el mÈtodo 'buscarPorId
[2021-10-01 14:29:34] [DEBUG] [OdontologoController:42] Iniciando el m√©todo 'crearNuevo (odontologo)'
[2021-10-01 14:29:34] [DEBUG] [OdontologoController:27] Iniciando el m√©todo 'buscarPorId
[2021-10-01 14:32:05] [DEBUG] [OdontologoController:49] Iniciando el mÈtodo 'actualizar(odontologo)'
[2021-10-01 14:32:05] [INFO ] [GlobalExceptionHandler:17] No se encontro el odontologo con el id 1
[2021-10-01 14:32:05] [DEBUG] [OdontologoController:42] Iniciando el mÈtodo 'crearNuevo (odontologo)'
[2021-10-01 14:32:05] [DEBUG] [OdontologoController:27] Iniciando el mÈtodo 'buscarPorId
[2021-10-01 14:37:01] [DEBUG] [OdontologoController:49] Iniciando el m√©todo 'actualizar(odontologo)'
[2021-10-01 14:37:01] [INFO ] [GlobalExceptionHandler:17] No se encontro el odontologo con el id 1
[2021-10-01 14:37:01] [DEBUG] [OdontologoController:49] Iniciando el m√©todo 'actualizar(odontologo)'
[2021-10-01 14:37:01] [INFO ] [GlobalExceptionHandler:17] No se encontro el odontologo con el id 1
[2021-10-01 14:37:01] [DEBUG] [OdontologoController:42] Iniciando el m√©todo 'crearNuevo (odontologo)'
[2021-10-01 14:37:01] [DEBUG] [OdontologoController:27] Iniciando el m√©todo 'buscarPorId
[2021-10-01 14:39:45] [DEBUG] [OdontologoController:27] Iniciando el m√©todo 'buscarPorId
[2021-10-01 14:39:45] [DEBUG] [OdontologoController:32] No se encontr√≥ el odontologo
[2021-10-01 14:39:45] [INFO ] [GlobalExceptionHandler:17] No se encontro el odontologo
[2021-10-01 14:39:45] [DEBUG] [OdontologoController:49] Iniciando el m√©todo 'actualizar(odontologo)'
[2021-10-01 14:39:45] [INFO ] [GlobalExceptionHandler:17] No se encontro el odontologo con el id 1
[2021-10-01 14:39:46] [DEBUG] [OdontologoController:49] Iniciando el m√©todo 'actualizar(odontologo)'
[2021-10-01 14:39:46] [INFO ] [GlobalExceptionHandler:17] No se encontro el odontologo con el id 1
[2021-10-01 14:39:46] [DEBUG] [OdontologoController:42] Iniciando el m√©todo 'crearNuevo (odontologo)'
[2021-10-01 14:42:03] [DEBUG] [OdontologoController:42] Iniciando el m√©todo 'crearNuevo (odontologo)'
[2021-10-01 14:42:03] [DEBUG] [OdontologoController:27] Iniciando el m√©todo 'buscarPorId
[2021-10-01 14:42:04] [DEBUG] [OdontologoController:49] Iniciando el m√©todo 'actualizar(odontologo)'
[2021-10-01 14:42:04] [DEBUG] [OdontologoController:49] Iniciando el m√©todo 'actualizar(odontologo)'
[2021-10-01 14:54:58] [DEBUG] [OdontologoController:42] Iniciando el m√©todo 'crearNuevo (odontologo)'
[2021-10-01 14:54:58] [DEBUG] [OdontologoController:27] Iniciando el m√©todo 'buscarPorId
[2021-10-01 14:54:58] [DEBUG] [OdontologoController:49] Iniciando el m√©todo 'actualizar(odontologo)'
[2021-10-01 14:54:59] [DEBUG] [OdontologoController:49] Iniciando el m√©todo 'actualizar(odontologo)'
[2021-10-01 14:56:01] [DEBUG] [OdontologoController:42] Iniciando el m√©todo 'crearNuevo (odontologo)'
[2021-10-01 14:56:01] [DEBUG] [OdontologoController:27] Iniciando el m√©todo 'buscarPorId
[2021-10-01 14:56:01] [DEBUG] [OdontologoController:49] Iniciando el m√©todo 'actualizar(odontologo)'
[2021-10-01 14:56:01] [DEBUG] [OdontologoController:49] Iniciando el m√©todo 'actualizar(odontologo)'
[2021-10-01 14:56:01] [DEBUG] [OdontologoController:65] Iniciando el m√©todo 'eliminarPorId'
[2021-10-01 14:57:51] [DEBUG] [OdontologoController:42] Iniciando el m√©todo 'crearNuevo (odontologo)'
[2021-10-01 14:57:51] [DEBUG] [OdontologoController:27] Iniciando el m√©todo 'buscarPorId
[2021-10-01 14:57:51] [DEBUG] [OdontologoController:49] Iniciando el m√©todo 'actualizar(odontologo)'
[2021-10-01 14:57:51] [DEBUG] [OdontologoController:49] Iniciando el m√©todo 'actualizar(odontologo)'
[2021-10-01 14:57:51] [DEBUG] [OdontologoController:65] Iniciando el m√©todo 'eliminarPorId'
[2021-10-01 14:58:58] [DEBUG] [OdontologoController:42] Iniciando el m√©todo 'crearNuevo (odontologo)'
[2021-10-01 14:58:58] [DEBUG] [OdontologoController:27] Iniciando el m√©todo 'buscarPorId
[2021-10-01 14:58:58] [DEBUG] [OdontologoController:49] Iniciando el m√©todo 'actualizar(odontologo)'
[2021-10-01 14:58:58] [DEBUG] [OdontologoController:49] Iniciando el m√©todo 'actualizar(odontologo)'
[2021-10-01 14:58:58] [DEBUG] [OdontologoController:65] Iniciando el m√©todo 'eliminarPorId'
[2021-10-01 14:59:44] [DEBUG] [OdontologoController:42] Iniciando el m√©todo 'crearNuevo (odontologo)'
[2021-10-01 14:59:44] [DEBUG] [OdontologoController:27] Iniciando el m√©todo 'buscarPorId
[2021-10-01 14:59:44] [DEBUG] [OdontologoController:49] Iniciando el m√©todo 'actualizar(odontologo)'
[2021-10-01 14:59:44] [DEBUG] [OdontologoController:49] Iniciando el m√©todo 'actualizar(odontologo)'
[2021-10-01 14:59:44] [DEBUG] [OdontologoController:65] Iniciando el m√©todo 'eliminarPorId'
[2021-10-01 15:00:17] [DEBUG] [OdontologoController:42] Iniciando el m√©todo 'crearNuevo (odontologo)'
[2021-10-01 15:00:17] [DEBUG] [OdontologoController:27] Iniciando el m√©todo 'buscarPorId
[2021-10-01 15:00:17] [DEBUG] [OdontologoController:49] Iniciando el m√©todo 'actualizar(odontologo)'
[2021-10-01 15:00:17] [DEBUG] [OdontologoController:49] Iniciando el m√©todo 'actualizar(odontologo)'
[2021-10-01 15:00:17] [DEBUG] [OdontologoController:65] Iniciando el m√©todo 'eliminarPorId'
[2021-10-01 15:04:22] [DEBUG] [OdontologoController:42] Iniciando el m√©todo 'crearNuevo (odontologo)'
[2021-10-01 15:04:22] [DEBUG] [OdontologoController:27] Iniciando el m√©todo 'buscarPorId
[2021-10-01 15:04:22] [DEBUG] [OdontologoController:49] Iniciando el m√©todo 'actualizar(odontologo)'
[2021-10-01 15:04:22] [DEBUG] [OdontologoController:49] Iniciando el m√©todo 'actualizar(odontologo)'
[2021-10-01 15:04:22] [DEBUG] [OdontologoController:65] Iniciando el m√©todo 'eliminarPorId'
[2021-10-01 15:05:36] [DEBUG] [OdontologoController:42] Iniciando el m√©todo 'crearNuevo (odontologo)'
[2021-10-01 15:05:37] [DEBUG] [OdontologoController:27] Iniciando el m√©todo 'buscarPorId
[2021-10-01 15:05:37] [DEBUG] [OdontologoController:49] Iniciando el m√©todo 'actualizar(odontologo)'
[2021-10-01 15:05:37] [DEBUG] [OdontologoController:49] Iniciando el m√©todo 'actualizar(odontologo)'
[2021-10-01 15:05:37] [DEBUG] [OdontologoController:65] Iniciando el m√©todo 'eliminarPorId'
[2021-10-01 15:10:56] [DEBUG] [OdontologoController:42] Iniciando el m√©todo 'crearNuevo (odontologo)'
[2021-10-01 15:10:56] [DEBUG] [OdontologoController:27] Iniciando el m√©todo 'buscarPorId
[2021-10-01 15:10:56] [DEBUG] [OdontologoController:49] Iniciando el m√©todo 'actualizar(odontologo)'
[2021-10-01 15:10:56] [DEBUG] [OdontologoController:49] Iniciando el m√©todo 'actualizar(odontologo)'
[2021-10-01 15:10:56] [DEBUG] [OdontologoController:65] Iniciando el m√©todo 'eliminarPorId'
[2021-10-01 15:11:54] [DEBUG] [OdontologoController:42] Iniciando el m√©todo 'crearNuevo (odontologo)'
[2021-10-01 15:11:54] [DEBUG] [OdontologoController:27] Iniciando el m√©todo 'buscarPorId
[2021-10-01 15:11:54] [DEBUG] [OdontologoController:49] Iniciando el m√©todo 'actualizar(odontologo)'
[2021-10-01 15:11:54] [DEBUG] [OdontologoController:65] Iniciando el m√©todo 'eliminarPorId'
[2021-10-02 13:37:25] [DEBUG] [OdontologoController:42] Iniciando el m√©todo 'crearNuevo (odontologo)'
[2021-10-02 13:37:25] [DEBUG] [OdontologoController:27] Iniciando el m√©todo 'buscarPorId
[2021-10-02 13:37:25] [DEBUG] [OdontologoController:49] Iniciando el m√©todo 'actualizar(odontologo)'
[2021-10-02 13:37:25] [DEBUG] [OdontologoController:65] Iniciando el m√©todo 'eliminarPorId'
[2021-10-02 13:39:48] [DEBUG] [OdontologoController:42] Iniciando el m√©todo 'crearNuevo (odontologo)'
[2021-10-02 13:41:07] [DEBUG] [OdontologoController:42] Iniciando el m√©todo 'crearNuevo (odontologo)'
[2021-10-02 13:41:21] [DEBUG] [OdontologoController:27] Iniciando el m√©todo 'buscarPorId
[2021-10-02 13:50:38] [DEBUG] [OdontologoController:27] Iniciando el m√©todo 'buscarPorId
[2021-10-02 13:51:14] [DEBUG] [OdontologoController:27] Iniciando el m√©todo 'buscarPorId
[2021-10-02 13:51:21] [DEBUG] [OdontologoController:27] Iniciando el m√©todo 'buscarPorId
[2021-10-02 13:51:21] [DEBUG] [OdontologoController:32] No se encontr√≥ el odontologo
[2021-10-02 13:51:21] [INFO ] [GlobalExceptionHandler:17] No se encontro el odontologo
[2021-10-02 13:52:07] [DEBUG] [OdontologoController:27] Iniciando el m√©todo 'buscarPorId
[2021-10-02 13:52:12] [DEBUG] [OdontologoController:27] Iniciando el m√©todo 'buscarPorId
[2021-10-02 19:11:09] [DEBUG] [OdontologoController:32] No se encontr√≥ el odontologo
[2021-10-02 19:11:09] [INFO ] [GlobalExceptionHandler:17] No se encontro el odontologo
[2021-10-03 09:24:22] [DEBUG] [OdontologoController:41] Iniciando el m√©todo 'crearNuevo (odontologo)'
[2021-10-03 09:24:22] [DEBUG] [OdontologoController:27] Iniciando el m√©todo 'buscarPorId
[2021-10-03 09:24:22] [DEBUG] [OdontologoController:27] Iniciando el m√©todo 'buscarPorId
[2021-10-03 09:24:22] [DEBUG] [OdontologoController:32] No se encontr√≥ el odontologo
[2021-10-03 09:24:22] [DEBUG] [OdontologoController:48] Iniciando el m√©todo 'actualizar(odontologo)'
[2021-10-03 09:24:22] [DEBUG] [OdontologoController:63] Iniciando el m√©todo 'eliminarPorId'
[2021-10-03 13:58:00] [DEBUG] [OdontologoController:41] Iniciando el m√©todo 'crearNuevo (odontologo)'
[2021-10-03 13:58:00] [DEBUG] [OdontologoController:27] Iniciando el m√©todo 'buscarPorId
[2021-10-03 13:58:00] [DEBUG] [OdontologoController:27] Iniciando el m√©todo 'buscarPorId
[2021-10-03 13:58:00] [DEBUG] [OdontologoController:32] No se encontr√≥ el odontologo
[2021-10-03 13:58:00] [DEBUG] [OdontologoController:48] Iniciando el m√©todo 'actualizar(odontologo)'
[2021-10-03 13:58:00] [DEBUG] [OdontologoController:63] Iniciando el m√©todo 'eliminarPorId'
[2021-10-03 19:37:19] [DEBUG] [OdontologoController:41] Iniciando el mÈtodo 'crearNuevo (odontologo)'
[2021-10-03 19:37:19] [DEBUG] [OdontologoController:27] Iniciando el mÈtodo 'buscarPorId
[2021-10-03 19:37:19] [DEBUG] [OdontologoController:27] Iniciando el mÈtodo 'buscarPorId
[2021-10-03 19:37:19] [DEBUG] [OdontologoController:32] No se encontrÛ el odontologo
[2021-10-03 19:37:19] [DEBUG] [OdontologoController:48] Iniciando el mÈtodo 'actualizar(odontologo)'
[2021-10-03 19:37:19] [DEBUG] [OdontologoController:63] Iniciando el mÈtodo 'eliminarPorId'
[2021-10-03 19:46:37] [DEBUG] [OdontologoController:41] Iniciando el mÈtodo 'crearNuevo (odontologo)'
[2021-10-03 19:46:37] [DEBUG] [OdontologoController:27] Iniciando el mÈtodo 'buscarPorId
[2021-10-03 19:46:37] [DEBUG] [OdontologoController:27] Iniciando el mÈtodo 'buscarPorId
[2021-10-03 19:46:37] [DEBUG] [OdontologoController:32] No se encontrÛ el odontologo
[2021-10-03 19:46:37] [DEBUG] [OdontologoController:48] Iniciando el mÈtodo 'actualizar(odontologo)'
[2021-10-03 19:46:37] [DEBUG] [OdontologoController:63] Iniciando el mÈtodo 'eliminarPorId'
[2021-10-03 19:47:13] [DEBUG] [OdontologoController:41] Iniciando el m√©todo 'crearNuevo (odontologo)'
[2021-10-03 19:47:13] [DEBUG] [OdontologoController:27] Iniciando el m√©todo 'buscarPorId
[2021-10-03 19:47:13] [DEBUG] [OdontologoController:27] Iniciando el m√©todo 'buscarPorId
[2021-10-03 19:47:13] [DEBUG] [OdontologoController:32] No se encontr√≥ el odontologo
[2021-10-03 19:47:13] [DEBUG] [OdontologoController:48] Iniciando el m√©todo 'actualizar(odontologo)'
[2021-10-03 19:47:13] [DEBUG] [OdontologoController:63] Iniciando el m√©todo 'eliminarPorId'
[2021-10-03 20:15:50] [DEBUG] [OdontologoController:41] Iniciando el mÈtodo 'crearNuevo (odontologo)'
[2021-10-03 20:15:50] [DEBUG] [OdontologoController:27] Iniciando el mÈtodo 'buscarPorId
[2021-10-03 20:15:50] [DEBUG] [OdontologoController:27] Iniciando el mÈtodo 'buscarPorId
[2021-10-03 20:15:50] [DEBUG] [OdontologoController:32] No se encontrÛ el odontologo
[2021-10-03 20:15:50] [DEBUG] [OdontologoController:48] Iniciando el mÈtodo 'actualizar(odontologo)'
[2021-10-03 20:15:50] [DEBUG] [OdontologoController:63] Iniciando el mÈtodo 'eliminarPorId'
[2021-10-03 21:16:47] [DEBUG] [OdontologoController:33] Iniciando el m√©todo 'buscarPorId
[2021-10-03 21:16:47] [DEBUG] [OdontologoController:38] No se encontr√≥ el odontologo
[2021-10-03 21:16:47] [INFO ] [GlobalExceptionHandler:17] No se encontr√≥ el odontologo
[2021-10-03 21:49:53] [DEBUG] [OdontologoController:25] Iniciando el m√©todo 'crearNuevo (App user)'
[2021-10-03 21:50:59] [DEBUG] [OdontologoController:35] Iniciando el m√©todo 'consultarTodos'
[2021-10-03 21:51:23] [DEBUG] [OdontologoController:53] Iniciando el m√©todo 'actualizar(odontologo)'
[2021-10-03 21:51:23] [INFO ] [GlobalExceptionHandler:17] No se encontr√≥ el odontologo con el id 0
[2021-10-03 21:51:38] [DEBUG] [OdontologoController:31] Iniciando el m√©todo 'buscarPorId
[2021-10-03 21:51:38] [DEBUG] [OdontologoController:36] No se encontr√≥ el odontologo
[2021-10-03 21:51:38] [INFO ] [GlobalExceptionHandler:17] No se encontr√≥ el odontologo
[2021-10-03 21:52:17] [DEBUG] [OdontologoController:69] Iniciando el m√©todo 'eliminarPorId'
[2021-10-03 21:52:17] [INFO ] [GlobalExceptionHandler:17] No se encontro el odontologo con el id 1
[2021-10-03 21:52:32] [DEBUG] [OdontologoController:45] Iniciando el m√©todo 'crearNuevo (odontologo)'
[2021-10-03 21:52:44] [DEBUG] [OdontologoController:82] Iniciando el m√©todo 'consultarTodos'
[2021-10-03 21:53:35] [DEBUG] [PacienteController:30] Iniciando el m√©todo 'buscarPorId
[2021-10-03 21:53:35] [DEBUG] [PacienteController:36] No se encontr√≥ el paciente
[2021-10-03 21:53:35] [INFO ] [GlobalExceptionHandler:17] No se encontr√≥ al paciente con id 1
[2021-10-03 21:54:52] [DEBUG] [PacienteController:44] Iniciando el m√©todo 'consultarTodos'
[2021-10-03 21:55:26] [DEBUG] [PacienteController:38] Iniciando el m√©todo 'buscarPorId
[2021-10-03 21:55:26] [DEBUG] [PacienteController:44] No se encontr√≥ el turno
[2021-10-03 21:55:26] [INFO ] [GlobalExceptionHandler:17] No se encontr√≥ el turno
[2021-10-03 21:55:38] [DEBUG] [PacienteController:86] Iniciando el m√©todo 'eliminarPorId'
[2021-10-03 21:55:38] [DEBUG] [PacienteController:93] No se encontro el turno con id 1
[2021-10-03 21:55:38] [INFO ] [GlobalExceptionHandler:17] No se encontro el turno con el id 1
[2021-10-03 21:56:22] [DEBUG] [PacienteController:30] Iniciando el m√©todo 'consultarTodos'
